[21:08:06] [ServerMain/INFO]: [bootstrap] Running Java 21 (OpenJDK 64-Bit Server VM 21.0.4+7-LTS; Microsoft Microsoft-9889606) on Linux 6.5.0-1025-azure (amd64)
[21:08:06] [ServerMain/INFO]: [bootstrap] Loading Paper 1.21.3-29-master@be886cf (2024-11-15T09:07:14Z) for Minecraft 1.21.3
[21:08:07] [ServerMain/INFO]: [PluginInitializerManager] Initializing plugins...
[21:08:07] [ServerMain/INFO]: [PluginInitializerManager] Initialized 3 plugins
[21:08:07] [ServerMain/INFO]: [PluginInitializerManager] Bukkit plugins (3):
 - Geyser-Spigot (2.5.0-SNAPSHOT), ViaVersion (5.1.1), floodgate (2.2.3-SNAPSHOT (b114-83fbd6e))
[21:08:11] [ServerMain/INFO]: Environment: Environment[sessionHost=https://sessionserver.mojang.com, servicesHost=https://api.minecraftservices.com, name=PROD]
[21:08:13] [ServerMain/INFO]: Loaded 1337 recipes
[21:08:13] [ServerMain/INFO]: Loaded 1448 advancements
[21:08:13] [Server thread/INFO]: Starting minecraft server version 1.21.3
[21:08:13] [Server thread/INFO]: Loading properties
[21:08:13] [Server thread/INFO]: This server is running Paper version 1.21.3-29-master@be886cf (2024-11-15T09:07:14Z) (Implementing API version 1.21.3-R0.1-SNAPSHOT)
[21:08:13] [Server thread/INFO]: [spark] This server bundles the spark profiler. For more information please visit https://docs.papermc.io/paper/profiling
[21:08:13] [Server thread/INFO]: Server Ping Player Sample Count: 12
[21:08:13] [Server thread/INFO]: Using 4 threads for Netty based IO
[21:08:14] [Server thread/INFO]: [ca.spottedleaf.moonrise.common.util.MoonriseCommon] Paper is using 1 worker threads, 1 I/O threads
[21:08:14] [Server thread/INFO]: [ca.spottedleaf.moonrise.patches.chunk_system.scheduling.ChunkTaskScheduler] Chunk system is using population gen parallelism: true
[21:08:14] [Server thread/INFO]: Default game type: SURVIVAL
[21:08:14] [Server thread/INFO]: Generating keypair
[21:08:14] [Server thread/INFO]: Starting Minecraft server on *:25565
[21:08:15] [Server thread/INFO]: Using epoll channel type
[21:08:15] [Server thread/INFO]: Paper: Using libdeflate (Linux x86_64) compression from Velocity.
[21:08:15] [Server thread/INFO]: Paper: Using OpenSSL 1.1.x (Linux x86_64) cipher from Velocity.
[21:08:16] [Server thread/INFO]: [floodgate] Loading server plugin floodgate v2.2.3-SNAPSHOT (b114-83fbd6e)
[21:08:17] [Server thread/WARN]: [floodgate] en_ is not a supported Floodgate language.
[21:08:17] [Server thread/INFO]: [floodgate] Took 961ms to boot Floodgate
[21:08:17] [Server thread/INFO]: [ViaVersion] Loading server plugin ViaVersion v5.1.1
[21:08:17] [Server thread/INFO]: [ViaVersion] ViaVersion 5.1.1 is now loaded. Registering protocol transformers and injecting...
[21:08:17] [Via-Mappingloader-0/INFO]: [ViaVersion] Loading block connection mappings ...
[21:08:17] [Via-Mappingloader-0/INFO]: [ViaVersion] Using FastUtil Long2ObjectOpenHashMap for block connections
[21:08:18] [Server thread/INFO]: [Geyser-Spigot] Loading server plugin Geyser-Spigot v2.5.0-SNAPSHOT
[21:08:18] [Server thread/INFO]: [Geyser-Spigot] Loading extensions...
[21:08:18] [Server thread/INFO]: [Geyser-Spigot] Loaded 0 extension(s)
[21:08:18] [Server thread/INFO]: Server permissions file permissions.yml is empty, ignoring it
[21:08:18] [Server thread/WARN]: **** SERVER IS RUNNING IN OFFLINE/INSECURE MODE!
[21:08:18] [Server thread/WARN]: The server will make no attempt to authenticate usernames. Beware.
[21:08:18] [Server thread/WARN]: While this makes the game possible to play without internet access, it also opens up the ability for hackers to connect with any username they choose.
[21:08:18] [Server thread/WARN]: To change this, set "online-mode" to "true" in the server.properties file.
[21:08:18] [Server thread/INFO]: Preparing level "world"
[21:08:19] [Server thread/INFO]: Preparing start region for dimension minecraft:overworld
[21:08:19] [Server thread/INFO]: Preparing spawn area: 0%
[21:08:19] [Paper Common Worker #0/INFO]: [ca.spottedleaf.dataconverter.minecraft.datatypes.MCTypeRegistry] Initialising converters for DataConverter...
[21:08:19] [Paper Common Worker #0/INFO]: [ca.spottedleaf.dataconverter.minecraft.datatypes.MCTypeRegistry] Finished initialising converters for DataConverter in 309.8ms
[21:08:19] [Server thread/INFO]: Preparing spawn area: 2%
[21:08:20] [Server thread/INFO]: Preparing spawn area: 6%
[21:08:20] [Server thread/INFO]: Time elapsed: 1212 ms
[21:08:20] [Server thread/INFO]: Preparing start region for dimension minecraft:the_nether
[21:08:20] [Server thread/INFO]: Preparing spawn area: 0%
[21:08:20] [Server thread/INFO]: Time elapsed: 261 ms
[21:08:20] [Server thread/INFO]: Preparing start region for dimension minecraft:the_end
[21:08:20] [Server thread/INFO]: Preparing spawn area: 0%
[21:08:20] [Server thread/INFO]: Time elapsed: 126 ms
[21:08:20] [Server thread/INFO]: [floodgate] Enabling floodgate v2.2.3-SNAPSHOT (b114-83fbd6e)
[21:08:21] [Server thread/INFO]: [ViaVersion] Enabling ViaVersion v5.1.1
[21:08:21] [Server thread/INFO]: [ViaVersion] ViaVersion detected server version: 1.21.2-1.21.3 (768)
[21:08:21] [Server thread/WARN]: [ViaVersion] ViaVersion does not have any compatible versions for this server version!
[21:08:21] [Server thread/WARN]: [ViaVersion] Please remember that ViaVersion only adds support for versions newer than the server version.
[21:08:21] [Server thread/WARN]: [ViaVersion] If you need support for older versions you may need to use one or more ViaVersion addons too.
[21:08:21] [Server thread/WARN]: [ViaVersion] In that case please read the ViaVersion resource page carefully or use https://viaversion.com/setup
[21:08:21] [Server thread/WARN]: [ViaVersion] and if you're still unsure, feel free to join our Discord-Server for further assistance.
[21:08:21] [Server thread/INFO]: [Geyser-Spigot] Enabling Geyser-Spigot v2.5.0-SNAPSHOT
[21:08:21] [Server thread/INFO]: [spark] Starting background profiler...
[21:08:21] [Server thread/INFO]: [Geyser-Spigot] ******************************************
[21:08:21] [Server thread/INFO]: [Geyser-Spigot] 
[21:08:21] [Server thread/INFO]: [Geyser-Spigot] Loading Geyser version 2.5.0-b715 (git-master-abf6860)
[21:08:21] [Server thread/INFO]: [Geyser-Spigot] 
[21:08:21] [Server thread/INFO]: [Geyser-Spigot] ******************************************
[21:08:26] [epollEventLoopGroup-3-2/INFO]: [Geyser-Spigot] Started Geyser on UDP port 3702
[21:08:26] [Server thread/INFO]: [Geyser-Spigot] Done (4.516s)! Run /geyser help for help!
[21:08:26] [Server thread/INFO]: Done preparing level "world" (7.803s)
[21:08:26] [Server thread/INFO]: Running delayed init tasks
[21:08:26] [Server thread/INFO]: Done (20.434s)! For help, type "help"
[21:08:26] [Craft Scheduler Thread - 2 - ViaVersion/INFO]: [ViaVersion] Finished mapping loading, shutting down loader executor.
[21:09:18] [User Authenticator #0/INFO]: UUID of player Jaronese96 is d7d5dc13-ffa5-397d-8084-4b1611375307
[21:09:19] [Server thread/INFO]: Jaronese96 joined the game
[21:09:19] [Server thread/INFO]: Jaronese96[/[0:0:0:0:0:0:0:1%0]:49412] logged in with entity id 25 at ([world]-25.5, 65.0, -71.5)
[21:14:49] [Server thread/INFO]: Jaronese96 has made the advancement [Stone Age]
[21:15:06] [Server thread/INFO]: Jaronese96 has made the advancement [Getting an Upgrade]
[21:17:28] [Server thread/INFO]: Jaronese96 has made the advancement [Monster Hunter]
[21:20:14] [epollEventLoopGroup-4-1/INFO]: [Geyser-Spigot] Player connected with username RanyPro17
[21:20:14] [localSession-7-2/INFO]: [Geyser-Spigot] RanyPro17 (logged in as: RanyPro17) has connected to the Java server
[21:20:14] [Server thread/INFO]: [floodgate] Floodgate player logged in as .RanyPro17 joined (UUID: 00000000-0000-0000-0009-01fe556eb9b1)
[21:20:14] [Server thread/INFO]: .RanyPro17 joined the game
[21:20:14] [Server thread/INFO]: .RanyPro17[/127.0.0.1:0] logged in with entity id 2244 at ([world]-16.5, 67.0, -64.5)
[21:20:20] [Async Chat Thread - #0/INFO]: [Not Secure] <Jaronese96> zzz
[21:20:27] [Async Chat Thread - #0/INFO]: [Not Secure] <Jaronese96> oe
[21:20:30] [Async Chat Thread - #1/INFO]: [Not Secure] <Jaronese96> XDD
[21:20:39] [localSession-7-2/INFO]: [Geyser-Spigot] RanyPro17 has disconnected from the Java server because of Bedrock client timed out
[21:20:39] [Geyser Spigot connection thread-6-3/INFO]: [floodgate] Floodgate player logged in as .RanyPro17 disconnected
[21:20:39] [Server thread/INFO]: .RanyPro17 lost connection: Disconnected
[21:20:39] [Server thread/INFO]: .RanyPro17 left the game
[21:24:07] [Server thread/INFO]: Made Jaronese96 a server operator
[21:24:16] [Server thread/INFO]: Jaronese96 issued server command: /gamerule keepInventory true
[21:24:16] [Server thread/INFO]: [Jaronese96: Gamerule keepInventory is now set to: true]
[21:27:02] [Server thread/INFO]: Jaronese96 lost connection: Disconnected
[21:27:02] [Server thread/INFO]: Jaronese96 left the game
[21:27:15] [User Authenticator #1/INFO]: UUID of player Jaronese96 is d7d5dc13-ffa5-397d-8084-4b1611375307
[21:27:17] [Server thread/INFO]: Jaronese96 joined the game
[21:27:17] [Server thread/INFO]: Jaronese96[/[0:0:0:0:0:0:0:1%0]:42040] logged in with entity id 3106 at ([world]-6.883741692244412, 64.0, 29.303480798720962)
